<?xml version="1.0" encoding="UTF-8"?>
<testng-results ignored="0" total="1" passed="1" failed="0" skipped="0">
  <reporter-output>
    <line>
      <![CDATA[Setting up reports  and test Started]]>
    </line>
  </reporter-output>
  <suite started-at="2021-12-27T17:27:25 IST" name="Suite" finished-at="2021-12-27T17:27:31 IST" duration-ms="5461">
    <groups>
    </groups>
    <test started-at="2021-12-27T17:27:25 IST" name="Test" finished-at="2021-12-27T17:27:31 IST" duration-ms="5461">
      <class name="automation_testcases.LoginTestCRM">
        <test-method is-config="true" signature="setUpSuite()[pri:0, instance:automation_testcases.LoginTestCRM@78dd667e]" started-at="2021-12-27T17:27:25 IST" name="setUpSuite" finished-at="2021-12-27T17:27:25 IST" duration-ms="454" status="PASS">
          <reporter-output>
            <line>
              <![CDATA[Setting up reports  and test Started]]>
            </line>
          </reporter-output>
        </test-method> <!-- setUpSuite -->
        <test-method is-config="true" signature="setup()[pri:0, instance:automation_testcases.LoginTestCRM@78dd667e]" started-at="2021-12-27T17:27:25 IST" name="setup" finished-at="2021-12-27T17:27:27 IST" duration-ms="1762" status="PASS">
          <reporter-output>
          </reporter-output>
        </test-method> <!-- setup -->
        <test-method signature="loginApp()[pri:1, instance:automation_testcases.LoginTestCRM@78dd667e]" started-at="2021-12-27T17:27:27 IST" name="loginApp" finished-at="2021-12-27T17:27:30 IST" duration-ms="3308" status="PASS">
          <reporter-output>
          </reporter-output>
        </test-method> <!-- loginApp -->
        <test-method is-config="true" signature="tearDownMethod(org.testng.ITestResult)[pri:0, instance:automation_testcases.LoginTestCRM@78dd667e]" started-at="2021-12-27T17:27:30 IST" name="tearDownMethod" finished-at="2021-12-27T17:27:30 IST" duration-ms="293" status="PASS">
          <params>
            <param index="0">
              <value>
                <![CDATA[[TestResult name=loginApp status=SUCCESS method=LoginTestCRM.loginApp()[pri:1, instance:automation_testcases.LoginTestCRM@78dd667e] output={null}]]]>
              </value>
            </param>
          </params>
          <reporter-output>
          </reporter-output>
        </test-method> <!-- tearDownMethod -->
        <test-method is-config="true" signature="tearDown()[pri:0, instance:automation_testcases.LoginTestCRM@78dd667e]" started-at="2021-12-27T17:27:30 IST" name="tearDown" finished-at="2021-12-27T17:27:31 IST" duration-ms="72" status="PASS">
          <reporter-output>
          </reporter-output>
        </test-method> <!-- tearDown -->
      </class> <!-- automation_testcases.LoginTestCRM -->
    </test> <!-- Test -->
  </suite> <!-- Suite -->
</testng-results>
